Arguments: 
  /home/austin/.fnm/node-versions/v12.18.3/installation/bin/node /usr/local/bin/yarn init

PATH: 
  /tmp/fnm-shell-4754105/bin:/home/austin/.fnm:/home/austin/.opam/default/bin:/home/austin/.local/bin:/usr/local/sbin:/usr/local/bin:/usr/sbin:/usr/bin:/sbin:/bin:/usr/games:/usr/local/games:/usr/bin/git:/snap/bin::/usr/bin/yarn://usr/local/bin:/home/austin/.yarn/bin:/home/austin/.config/yarn/global/node_modules/.bin:/usr/bin/virtualbox:/usr/bin/VBoxManage:/snap/bin/:/home/austin/Desktop/bin/

Yarn version: 
  1.22.5

Node version: 
  12.18.3

Platform: 
  linux x64

Trace: 
  Error: canceled
      at Interface.<anonymous> (/usr/local/lib/node_modules/yarn/lib/cli.js:136216:13)
      at Interface.emit (events.js:315:20)
      at Interface._ttyWrite (readline.js:868:16)
      at ReadStream.onkeypress (readline.js:205:10)
      at ReadStream.emit (events.js:315:20)
      at emitKeys (internal/readline/utils.js:335:14)
      at emitKeys.next (<anonymous>)
      at ReadStream.onData (readline.js:1137:36)
      at ReadStream.emit (events.js:315:20)
      at addChunk (_stream_readable.js:295:12)

npm manifest: 
  {
    "dependencies": {
      "bs-platform": "^9.0.2"
    }
  }

yarn manifest: 
  No manifest

Lockfile: 
  # THIS IS AN AUTOGENERATED FILE. DO NOT EDIT THIS FILE DIRECTLY.
  # yarn lockfile v1
  
  
  bs-platform@^9.0.2:
    version "9.0.2"
    resolved "https://registry.yarnpkg.com/bs-platform/-/bs-platform-9.0.2.tgz#a6eac70eb8924a322556dacaccbfbc9b2a0d3a37"
    integrity sha512-Ye9JqJ4Oa7mcjjoOVRYI8Uc2Cf8N7jQLWDcdUplY7996d/YErSR7WitmV7XnSwr4EvdrbwjEsg1NxNjUQv3ChA==
